Copyright 1986-2018 Xilinx, Inc. All Rights Reserved.
-----------------------------------------------------------------------------------------------------------------------------------------------------
| Tool Version : Vivado v.2018.1 (win64) Build 2188600 Wed Apr  4 18:40:38 MDT 2018
| Date         : Thu Oct  4 16:20:09 2018
| Host         : W0D063C98C19AD6 running 64-bit major release  (build 9200)
| Command      : report_methodology -file Danni_methodology_drc_routed.rpt -pb Danni_methodology_drc_routed.pb -rpx Danni_methodology_drc_routed.rpx
| Design       : Danni
| Device       : xc7a35tcpg236-1
| Speed File   : -1
| Design State : Routed
-----------------------------------------------------------------------------------------------------------------------------------------------------

Report Methodology

Table of Contents
-----------------
1. REPORT SUMMARY
2. REPORT DETAILS

1. REPORT SUMMARY
-----------------
            Netlist: netlist
          Floorplan: design_1
      Design limits: <entire design considered>
             Max violations: <unlimited>
             Violations found: 28
+-----------+----------+------------------------------------------------+------------+
| Rule      | Severity | Description                                    | Violations |
+-----------+----------+------------------------------------------------+------------+
| TIMING-6  | Warning  | No common primary clock between related clocks | 2          |
| TIMING-18 | Warning  | Missing input or output delay                  | 26         |
+-----------+----------+------------------------------------------------+------------+

2. REPORT DETAILS
-----------------
TIMING-6#1 Warning
No common primary clock between related clocks  
The clocks clk_out1_clk_wiz_0 and clk_out1_clk_wiz_0_1 are related (timed together) but they have no common primary clock. The design could fail in hardware. To find a timing path between these clocks, run the following command: report_timing -from [get_clocks clk_out1_clk_wiz_0] -to [get_clocks clk_out1_clk_wiz_0_1]
Related violations: <none>

TIMING-6#2 Warning
No common primary clock between related clocks  
The clocks clk_out1_clk_wiz_0_1 and clk_out1_clk_wiz_0 are related (timed together) but they have no common primary clock. The design could fail in hardware. To find a timing path between these clocks, run the following command: report_timing -from [get_clocks clk_out1_clk_wiz_0_1] -to [get_clocks clk_out1_clk_wiz_0]
Related violations: <none>

TIMING-18#1 Warning
Missing input or output delay  
An input delay is missing on i_Fast relative to clock(s) C100Mhz_pin, i_C100Mhz
Related violations: <none>

TIMING-18#2 Warning
Missing input or output delay  
An input delay is missing on i_Reset relative to clock(s) C100Mhz_pin, i_C100Mhz
Related violations: <none>

TIMING-18#3 Warning
Missing input or output delay  
An output delay is missing on o_LEDs[0] relative to clock(s) C100Mhz_pin, i_C100Mhz
Related violations: <none>

TIMING-18#4 Warning
Missing input or output delay  
An output delay is missing on o_LEDs[10] relative to clock(s) C100Mhz_pin, i_C100Mhz
Related violations: <none>

TIMING-18#5 Warning
Missing input or output delay  
An output delay is missing on o_LEDs[11] relative to clock(s) C100Mhz_pin, i_C100Mhz
Related violations: <none>

TIMING-18#6 Warning
Missing input or output delay  
An output delay is missing on o_LEDs[12] relative to clock(s) C100Mhz_pin, i_C100Mhz
Related violations: <none>

TIMING-18#7 Warning
Missing input or output delay  
An output delay is missing on o_LEDs[13] relative to clock(s) C100Mhz_pin, i_C100Mhz
Related violations: <none>

TIMING-18#8 Warning
Missing input or output delay  
An output delay is missing on o_LEDs[14] relative to clock(s) C100Mhz_pin, i_C100Mhz
Related violations: <none>

TIMING-18#9 Warning
Missing input or output delay  
An output delay is missing on o_LEDs[15] relative to clock(s) C100Mhz_pin, i_C100Mhz
Related violations: <none>

TIMING-18#10 Warning
Missing input or output delay  
An output delay is missing on o_LEDs[1] relative to clock(s) C100Mhz_pin, i_C100Mhz
Related violations: <none>

TIMING-18#11 Warning
Missing input or output delay  
An output delay is missing on o_LEDs[2] relative to clock(s) C100Mhz_pin, i_C100Mhz
Related violations: <none>

TIMING-18#12 Warning
Missing input or output delay  
An output delay is missing on o_LEDs[3] relative to clock(s) C100Mhz_pin, i_C100Mhz
Related violations: <none>

TIMING-18#13 Warning
Missing input or output delay  
An output delay is missing on o_LEDs[4] relative to clock(s) C100Mhz_pin, i_C100Mhz
Related violations: <none>

TIMING-18#14 Warning
Missing input or output delay  
An output delay is missing on o_LEDs[5] relative to clock(s) C100Mhz_pin, i_C100Mhz
Related violations: <none>

TIMING-18#15 Warning
Missing input or output delay  
An output delay is missing on o_LEDs[6] relative to clock(s) C100Mhz_pin, i_C100Mhz
Related violations: <none>

TIMING-18#16 Warning
Missing input or output delay  
An output delay is missing on o_LEDs[7] relative to clock(s) C100Mhz_pin, i_C100Mhz
Related violations: <none>

TIMING-18#17 Warning
Missing input or output delay  
An output delay is missing on o_LEDs[8] relative to clock(s) C100Mhz_pin, i_C100Mhz
Related violations: <none>

TIMING-18#18 Warning
Missing input or output delay  
An output delay is missing on o_LEDs[9] relative to clock(s) C100Mhz_pin, i_C100Mhz
Related violations: <none>

TIMING-18#19 Warning
Missing input or output delay  
An output delay is missing on o_SegmentCathodes[0] relative to clock(s) C100Mhz_pin, i_C100Mhz
Related violations: <none>

TIMING-18#20 Warning
Missing input or output delay  
An output delay is missing on o_SegmentCathodes[1] relative to clock(s) C100Mhz_pin, i_C100Mhz
Related violations: <none>

TIMING-18#21 Warning
Missing input or output delay  
An output delay is missing on o_SegmentCathodes[2] relative to clock(s) C100Mhz_pin, i_C100Mhz
Related violations: <none>

TIMING-18#22 Warning
Missing input or output delay  
An output delay is missing on o_SegmentCathodes[3] relative to clock(s) C100Mhz_pin, i_C100Mhz
Related violations: <none>

TIMING-18#23 Warning
Missing input or output delay  
An output delay is missing on o_SegmentCathodes[4] relative to clock(s) C100Mhz_pin, i_C100Mhz
Related violations: <none>

TIMING-18#24 Warning
Missing input or output delay  
An output delay is missing on o_SegmentCathodes[5] relative to clock(s) C100Mhz_pin, i_C100Mhz
Related violations: <none>

TIMING-18#25 Warning
Missing input or output delay  
An output delay is missing on o_SegmentCathodes[6] relative to clock(s) C100Mhz_pin, i_C100Mhz
Related violations: <none>

TIMING-18#26 Warning
Missing input or output delay  
An output delay is missing on o_SegmentDP relative to clock(s) C100Mhz_pin, i_C100Mhz
Related violations: <none>


