Copyright 1986-2018 Xilinx, Inc. All Rights Reserved.
---------------------------------------------------------------------------------------------------------------------------------------
| Tool Version : Vivado v.2018.1 (win64) Build 2188600 Wed Apr  4 18:40:38 MDT 2018
| Date         : Tue Nov 13 17:28:43 2018
| Host         : W0DF5F8FBC19433 running 64-bit major release  (build 9200)
| Command      : report_drc -file MasterComponent_drc_routed.rpt -pb MasterComponent_drc_routed.pb -rpx MasterComponent_drc_routed.rpx
| Design       : MasterComponent
| Device       : xc7a35tcpg236-1
| Speed File   : -1
| Design State : Routed
---------------------------------------------------------------------------------------------------------------------------------------

Report DRC

Table of Contents
-----------------
1. REPORT SUMMARY
2. REPORT DETAILS

1. REPORT SUMMARY
-----------------
            Netlist: netlist
          Floorplan: design_1
      Design limits: <entire design considered>
           Ruledeck: default
             Max violations: <unlimited>
             Violations found: 2
+-------------+----------+-------------------------------------------------------------+------------+
| Rule        | Severity | Description                                                 | Violations |
+-------------+----------+-------------------------------------------------------------+------------+
| PDRC-153    | Warning  | Gated clock check                                           | 1          |
| PLHOLDVIO-2 | Warning  | Non-Optimal connections which could lead to hold violations | 1          |
+-------------+----------+-------------------------------------------------------------+------------+

2. REPORT DETAILS
-----------------
PDRC-153#1 Warning
Gated clock check  
Net compClock250Hz/sigCounter_reg[13] is a gated clock net sourced by a combinational pin compClock250Hz/sigCounter[0]_i_2/O, cell compClock250Hz/sigCounter[0]_i_2. This is not good design practice and will likely impact performance. For SLICE registers, for example, use the CE pin to control the loading of data.
Related violations: <none>

PLHOLDVIO-2#1 Warning
Non-Optimal connections which could lead to hold violations  
A LUT compClock250Hz/sigCounter[0]_i_2 is driving clock pin of 14 cells. This could lead to large hold time violations. First few involved cells are:
    comp9999Counter/sigCounter_reg[4] {FDCE}
    comp9999Counter/sigCounter_reg[8] {FDCE}
    comp9999Counter/sigCounter_reg[7] {FDCE}
    comp9999Counter/sigCounter_reg[11] {FDCE}
    comp9999Counter/sigCounter_reg[2] {FDCE}

Related violations: <none>


